<?xml version="1.0" encoding="UTF-8"?>
<!-- Generated by org.testng.reporters.JUnitReportReporter -->
<testsuite hostname="Gujjar-PC" failures="0" tests="1" name="script.ValidLogin" time="16.028" errors="0" timestamp="2023-11-07T13:09:54 IST" skipped="0">
  <testcase classname="script.ValidLogin" name="testValidLogin" time="16.028"/>
  <system-out>
    <![CDATA[browser=chrome
Preconditionmethod
Set ITO10
EnterURL
Maximise the browser
Set ETO10
Close the browser]]>
  </system-out>
</testsuite> <!-- script.ValidLogin -->
