<?xml version="1.0" encoding="UTF-8"?>
<!-- Generated by org.testng.reporters.JUnitReportReporter -->
<testsuite hostname="Gujjar-PC" failures="0" tests="1" name="script.DemoTest" time="7.257" errors="0" timestamp="2023-11-06T17:07:50 IST" skipped="0">
  <testcase classname="script.DemoTest" name="testDemo" time="7.257">
    <system-out>
      <![CDATA[Rowcount:2
Columncount:4
Data:Akshara
Data:
test demo...]]>
    </system-out>
  </testcase> <!-- testDemo -->
  <system-out>
    <![CDATA[browser=chrome
Preconditionmethod
Set ITO10
EnterURL
Maximise the browser
Set ETO10
Rowcount:2
Columncount:4
Data:Akshara
Data:
test demo...
Close the browser]]>
  </system-out>
</testsuite> <!-- script.DemoTest -->
